<?xml version="1.0" encoding="UTF-8"?>
<testsuite name="com.myproject.gympt.GymptApplicationTests" tests="1" skipped="0" failures="0" errors="0" timestamp="2023-08-02T16:27:49" hostname="GYUHA" time="0.513">
  <properties/>
  <testcase name="모든유저지피티사용횟수0으로초기화()" classname="com.myproject.gympt.GymptApplicationTests" time="0.513"/>
  <system-out><![CDATA[01:27:44.714 [Test worker] INFO org.springframework.test.context.support.AnnotationConfigContextLoaderUtils -- Could not detect default configuration classes for test class [com.myproject.gympt.GymptApplicationTests]: GymptApplicationTests does not declare any static, non-private, non-final, nested classes annotated with @Configuration.
01:27:44.812 [Test worker] INFO org.springframework.boot.test.context.SpringBootTestContextBootstrapper -- Found @SpringBootConfiguration com.myproject.gympt.GymptApplication for test class com.myproject.gympt.GymptApplicationTests

  .   ____          _            __ _ _
 /\\ / ___'_ __ _ _(_)_ __  __ _ \ \ \ \
( ( )\___ | '_ | '_| | '_ \/ _` | \ \ \ \
 \\/  ___)| |_)| | | | | || (_| |  ) ) ) )
  '  |____| .__|_| |_|_| |_\__, | / / / /
 =========|_|==============|___/=/_/_/_/
 :: Spring Boot ::                (v3.1.2)

2023-08-03T01:27:45.150+09:00  INFO 24060 --- [    Test worker] c.myproject.gympt.GymptApplicationTests  : Starting GymptApplicationTests using Java 17.0.7 with PID 24060 (started by gyuha in C:\Users\gyuha\IdeaProjects\gympt)
2023-08-03T01:27:45.151+09:00  INFO 24060 --- [    Test worker] c.myproject.gympt.GymptApplicationTests  : No active profile set, falling back to 1 default profile: "default"
2023-08-03T01:27:45.965+09:00  INFO 24060 --- [    Test worker] .s.d.r.c.RepositoryConfigurationDelegate : Bootstrapping Spring Data JPA repositories in DEFAULT mode.
2023-08-03T01:27:46.095+09:00  INFO 24060 --- [    Test worker] .s.d.r.c.RepositoryConfigurationDelegate : Finished Spring Data repository scanning in 121 ms. Found 4 JPA repository interfaces.
2023-08-03T01:27:46.200+09:00  WARN 24060 --- [    Test worker] o.m.s.mapper.ClassPathMapperScanner      : No MyBatis mapper was found in '[com.myproject.gympt]' package. Please check your configuration.
2023-08-03T01:27:46.549+09:00  INFO 24060 --- [    Test worker] o.hibernate.jpa.internal.util.LogHelper  : HHH000204: Processing PersistenceUnitInfo [name: default]
2023-08-03T01:27:46.604+09:00  INFO 24060 --- [    Test worker] org.hibernate.Version                    : HHH000412: Hibernate ORM core version 6.2.6.Final
2023-08-03T01:27:46.606+09:00  INFO 24060 --- [    Test worker] org.hibernate.cfg.Environment            : HHH000406: Using bytecode reflection optimizer
2023-08-03T01:27:46.736+09:00  INFO 24060 --- [    Test worker] o.h.b.i.BytecodeProviderInitiator        : HHH000021: Bytecode provider name : bytebuddy
2023-08-03T01:27:46.840+09:00  INFO 24060 --- [    Test worker] o.s.o.j.p.SpringPersistenceUnitInfo      : No LoadTimeWeaver setup: ignoring JPA class transformer
2023-08-03T01:27:46.855+09:00  INFO 24060 --- [    Test worker] com.zaxxer.hikari.HikariDataSource       : HikariPool-1 - Starting...
2023-08-03T01:27:47.103+09:00  INFO 24060 --- [    Test worker] com.zaxxer.hikari.pool.HikariPool        : HikariPool-1 - Added connection com.mysql.cj.jdbc.ConnectionImpl@14b48f39
2023-08-03T01:27:47.105+09:00  INFO 24060 --- [    Test worker] com.zaxxer.hikari.HikariDataSource       : HikariPool-1 - Start completed.
2023-08-03T01:27:47.342+09:00  INFO 24060 --- [    Test worker] o.h.b.i.BytecodeProviderInitiator        : HHH000021: Bytecode provider name : bytebuddy
2023-08-03T01:27:47.899+09:00  INFO 24060 --- [    Test worker] o.h.e.t.j.p.i.JtaPlatformInitiator       : HHH000490: Using JtaPlatform implementation: [org.hibernate.engine.transaction.jta.platform.internal.NoJtaPlatform]
2023-08-03T01:27:47.957+09:00  INFO 24060 --- [    Test worker] j.LocalContainerEntityManagerFactoryBean : Initialized JPA EntityManagerFactory for persistence unit 'default'
2023-08-03T01:27:48.202+09:00  INFO 24060 --- [    Test worker] o.s.d.j.r.query.QueryEnhancerFactory     : Hibernate is in classpath; If applicable, HQL parser will be used.
2023-08-03T01:27:48.716+09:00  WARN 24060 --- [    Test worker] JpaBaseConfiguration$JpaWebConfiguration : spring.jpa.open-in-view is enabled by default. Therefore, database queries may be performed during view rendering. Explicitly configure spring.jpa.open-in-view to disable this warning
2023-08-03T01:27:48.839+09:00  INFO 24060 --- [    Test worker] o.s.s.web.DefaultSecurityFilterChain     : Will secure any request with [org.springframework.security.web.session.DisableEncodeUrlFilter@1d9c18b9, org.springframework.security.web.context.request.async.WebAsyncManagerIntegrationFilter@447cdbaa, org.springframework.security.web.context.SecurityContextHolderFilter@222557fc, org.springframework.security.web.header.HeaderWriterFilter@1cfa5e46, org.springframework.security.web.authentication.logout.LogoutFilter@2258ca14, org.springframework.security.web.authentication.UsernamePasswordAuthenticationFilter@6d95b51d, org.springframework.security.web.savedrequest.RequestCacheAwareFilter@c5dc3db, org.springframework.security.web.servletapi.SecurityContextHolderAwareRequestFilter@2910c3ae, org.springframework.security.web.authentication.AnonymousAuthenticationFilter@5e774546, org.springframework.security.web.access.ExceptionTranslationFilter@106c4a72, org.springframework.security.web.access.intercept.AuthorizationFilter@1ab6a093]
2023-08-03T01:27:49.413+09:00  INFO 24060 --- [    Test worker] efaultSchemaResourceGraphQlSourceBuilder : Loaded 1 resource(s) in the GraphQL schema.
2023-08-03T01:27:49.587+09:00  INFO 24060 --- [    Test worker] s.b.a.g.s.GraphQlWebMvcAutoConfiguration : GraphQL endpoint HTTP POST /graphql
2023-08-03T01:27:49.918+09:00  INFO 24060 --- [    Test worker] c.myproject.gympt.GymptApplicationTests  : Started GymptApplicationTests in 4.961 seconds (process running for 5.954)
Hibernate: 
    update
        user 
    set
        gpt_count=cast(0 as signed)
]]></system-out>
  <system-err><![CDATA[]]></system-err>
</testsuite>
